============================================================
  Generated by:           Genus(TM) Synthesis Solution 23.12-s086_1
  Generated on:           Oct 08 2025  11:01:23 pm
  Module:                 neuron_intra_Nbits
  Operating conditions:   PVT_0P9V_125C 
  Interconnect mode:      global
  Area mode:              physical library
============================================================

Timing
--------

Clock  Period 
--------------
clock 10000.0 


  Cost    Critical         Violating 
 Group   Path Slack  TNS     Paths   
-------------------------------------
clock        8939.7   0.0          0 
default    No paths   0.0            
-------------------------------------
Total                 0.0          0 

Instance Count
--------------
Leaf Instance Count             1050 
Physical Instance count            0 
Sequential Instance Count         23 
Combinational Instance Count    1027 
Hierarchical Instance Count        0 

Area
----
Cell Area                          853.632
Physical Cell Area                 0.000
Total Cell Area (Cell+Physical)    853.632
Net Area                           891.984
Total Area (Cell+Physical+Net)     1745.616

Runtime                            0.0 seconds
Elapsed Runtime                    56 seconds
Genus peak memory usage            1743.92 
Innovus peak memory usage          no_value 
Hostname                           cadmicro-el8-02.inf.ufrgs.br
