============================================================
  Generated by:           Genus(TM) Synthesis Solution 23.12-s086_1
  Generated on:           Oct 08 2025  11:01:23 pm
  Module:                 neuron_intra_Nbits
  Operating conditions:   PVT_0P9V_125C 
  Interconnect mode:      global
  Area mode:              physical library
============================================================

                                Leakage  
   Gate    Instances   Area   Power (nW)     Library    
--------------------------------------------------------
ADDFX1           320  410.400     32.669    slow_vdd1v0 
ADDHX1             7    6.583      0.648    slow_vdd1v0 
AND2X1            18    6.156      0.602    slow_vdd1v0 
AO21X1            24   14.364      0.925    slow_vdd1v0 
AO22X1            56   38.304      2.408    slow_vdd1v0 
AOI21X1            1    0.427      0.033    slow_vdd1v0 
AOI22X1            7    3.591      0.346    slow_vdd1v0 
CLKXOR2X1         57   38.988      3.603    slow_vdd1v0 
DFFRHQX1           7   10.773      0.942    slow_vdd1v0 
INVX1             12    2.052      0.250    slow_vdd1v0 
INVX2              1    0.257      0.046    slow_vdd1v0 
INVXL              9    1.539      0.095    slow_vdd1v0 
NAND2BX4          14   13.167      1.911    slow_vdd1v0 
NAND2X1            7    1.796      0.210    slow_vdd1v0 
NOR2BX1           46   15.732      1.695    slow_vdd1v0 
NOR2BX2            8    5.472      0.512    slow_vdd1v0 
NOR2X1             1    0.257      0.031    slow_vdd1v0 
NOR2X4             1    0.769      0.071    slow_vdd1v0 
NOR4X2             2    1.710      0.109    slow_vdd1v0 
OAI21X1            8    3.420      0.281    slow_vdd1v0 
OAI22X1          167   85.671      7.199    slow_vdd1v0 
OAI22X2            1    0.855      0.089    slow_vdd1v0 
OAI2BB1X4          1    1.111      0.110    slow_vdd1v0 
OR2X2             10    4.275      0.576    slow_vdd1v0 
SDFFRHQX1         16   32.832      2.807    slow_vdd1v0 
XNOR2X1          225  134.662     14.211    slow_vdd1v0 
XNOR2X2           24   18.468      2.053    slow_vdd1v0 
--------------------------------------------------------
total           1050  853.632     74.432                


                                          Leakage  Leakage 
     Type      Instances   Area  Area % Power (nW) Power % 
-----------------------------------------------------------
sequential            23  43.605    5.1      3.749     5.0 
inverter              22   3.848    0.5      0.391     0.5 
logic               1005 806.179   94.4     70.292    94.4 
physical_cells         0   0.000    0.0      0.000     0.0 
-----------------------------------------------------------
total               1050 853.632  100.0     74.432   100.0 

