

Working Directory = /home/inf01185/juliana.vargas/Documents/Topicos-Especiais-XII/exemplo_rca/genus
QoS Summary for neuron_intra_Nbits
================================================================================
Metric                          final          
================================================================================
Slack (ps):                     8,940
  R2R (ps):                     8,940
  I2R (ps):                  no_value
  R2O (ps):                  no_value
  I2O (ps):                  no_value
  CG  (ps):                  no_value
TNS (ps):                           0
  R2R (ps):                         0
  I2R (ps):                  no_value
  R2O (ps):                  no_value
  I2O (ps):                  no_value
  CG  (ps):                  no_value
Failing Paths:                      0
Cell Area:                        854
Total Cell Area:                  854
Leaf Instances:                 1,050
Total Instances:                1,050
Utilization (%):                 0.00
Tot. Net Length (um):        no_value
Avg. Net Length (um):        no_value
Route Overflow H (%):        no_value
Route Overflow V (%):        no_value
MBCI(%) (bits/gate) :            0.00
Norm Cong Hotspot Area:
  Max Cong:                  no_value
  Tot Cong:                  no_value
================================================================================
CPU  Runtime (h:m:s):        00:01:20
Real Runtime (h:m:s):        00:00:54
CPU  Elapsed (h:m:s):        00:01:21
Real Elapsed (h:m:s):        00:00:54
Memory (MB):                  1735.92
================================================================================
================================================================================
Flow Settings:
================================================================================
Total Runtime (h:m:s): 00:00:55
Total Memory (MB):     1743.92
Executable Version:    23.12-s086_1
================================================================================
Total Cell Area =  Cell Area + Physical Cell Area
Total Instances =  Leaf Instances + Physical Instances


