============================================================
  Generated by:           Genus(TM) Synthesis Solution 23.12-s086_1
  Generated on:           Oct 08 2025  11:01:23 pm
  Module:                 neuron_intra_Nbits
  Operating conditions:   PVT_0P9V_125C 
  Interconnect mode:      global
  Area mode:              physical library
============================================================

                                Leakage   Internal  
   Gate    Instances   Area   Power (nW) Power (nW)     Library    
-------------------------------------------------------------------
ADDFX1           320  410.400     32.669  35432.747    slow_vdd1v0 
ADDHX1             7    6.583      0.648    329.628    slow_vdd1v0 
AND2X1            18    6.156      0.602    248.198    slow_vdd1v0 
AO21X1            24   14.364      0.925    548.427    slow_vdd1v0 
AO22X1            56   38.304      2.408   1469.560    slow_vdd1v0 
AOI21X1            1    0.427      0.033     16.689    slow_vdd1v0 
AOI22X1            7    3.591      0.346     43.309    slow_vdd1v0 
CLKXOR2X1         57   38.988      3.603   1312.092    slow_vdd1v0 
DFFRHQX1           7   10.773      0.942   2085.956    slow_vdd1v0 
INVX1             12    2.052      0.250     71.806    slow_vdd1v0 
INVX2              1    0.257      0.046      0.000    slow_vdd1v0 
INVXL              9    1.539      0.095     21.398    slow_vdd1v0 
NAND2BX4          14   13.167      1.911    972.974    slow_vdd1v0 
NAND2X1            7    1.796      0.210     36.523    slow_vdd1v0 
NOR2BX1           46   15.732      1.695    825.922    slow_vdd1v0 
NOR2BX2            8    5.472      0.512    232.265    slow_vdd1v0 
NOR2X1             1    0.257      0.031     14.937    slow_vdd1v0 
NOR2X4             1    0.769      0.071      0.076    slow_vdd1v0 
NOR4X2             2    1.710      0.109     20.436    slow_vdd1v0 
OAI21X1            8    3.420      0.281    138.914    slow_vdd1v0 
OAI22X1          167   85.671      7.199   4648.708    slow_vdd1v0 
OAI22X2            1    0.855      0.089     54.092    slow_vdd1v0 
OAI2BB1X4          1    1.111      0.110     10.881    slow_vdd1v0 
OR2X2             10    4.275      0.576    261.850    slow_vdd1v0 
SDFFRHQX1         16   32.832      2.807   9054.716    slow_vdd1v0 
XNOR2X1          225  134.662     14.211   5845.461    slow_vdd1v0 
XNOR2X2           24   18.468      2.053    777.670    slow_vdd1v0 
-------------------------------------------------------------------
total           1050  853.632     74.432  64475.235                


                                          Leakage  Leakage  Internal  Internal 
     Type      Instances   Area  Area % Power (nW) Power % Power (nW)  Power % 
-------------------------------------------------------------------------------
sequential            23  43.605    5.1      3.749     5.0  11140.671     17.3 
inverter              22   3.848    0.5      0.391     0.5     93.205      0.1 
logic               1005 806.179   94.4     70.292    94.4  53241.360     82.6 
physical_cells         0   0.000    0.0      0.000     0.0      0.000      0.0 
-------------------------------------------------------------------------------
total               1050 853.632  100.0     74.432   100.0  64475.235    100.0 

