Cadence Genus(TM) Synthesis Solution.
Copyright 2024 Cadence Design Systems, Inc. All rights reserved worldwide.
Cadence and the Cadence logo are registered trademarks and Genus is a trademark
of Cadence Design Systems, Inc. in the United States and other countries.

[14:51:01.196449] Configured Lic search path (23.02-s003): 5280@pgmicro01.ufrgs.br

Version: 23.12-s086_1, built Wed Jul 24 15:05:35 PDT 2024
Options: -files genus script.tcl 
Date:    Thu Sep 18 14:51:01 2025
Host:    cadmicro-el8-02.inf.ufrgs.br (x86_64 w/Linux 4.18.0-553.58.1.el8_10.x86_64) (32cores*64cpus*2physical cpus*QEMU Virtual CPU version 2.5+ 16384KB) (198008280KB)
PID:     2250945
OS:      Rocky Linux release 8.10 (Green Obsidian)

Checking out license: Genus_Synthesis
[14:51:01.013625] Periodic Lic check successful
[14:51:01.537922] Feature usage summary:
[14:51:01.537923] Genus_Synthesis



***********************************************************************************************************
***********************************************************************************************************



Finished executable startup (0 seconds elapsed).

Loading tool scripts...
Finished loading tool scripts (14 seconds elapsed).
Cadence Genus(TM) Synthesis Solution.
Copyright 2024 Cadence Design Systems, Inc. All rights reserved worldwide.
Cadence and the Cadence logo are registered trademarks and Genus is a trademark
of Cadence Design Systems, Inc. in the United States and other countries.

Usage: genus [-abort_on_error] [-batch] [-del_scale 10] 
          [-disable_user_startup] [-execute <string>]+ [-files <string>]+ [-help] 
          [-legacy_gui] [-legacy_ui] [-lic_stack <integer>] [-lic_startup <string>] 
          [-lic_startup_options <string>]+ [-log <string>] [-no_gui] [-overwrite] 
          [-version] [-wait <integer>] 

    [-abort_on_error]:
        exit on script error
    [-batch]:
        exit after processing files
    [-del_scale 10]:
        for low frequency designs (below 5kHz)
    [-disable_user_startup]:
        only read master init file
    [-execute <string>]+:
        command string to execute before '-files' processing
    [-files <string>]+:
        execute command file
    [-help]:
        print this message
    [-legacy_gui]:
        start tool with legacy GUI
    [-legacy_ui]:
        start tool with legacy UI
    [-lic_stack <integer>]:
        specify number of licenses for VDI/VDI_XL (max is 2)
    [-lic_startup <string>]:
        specifies one of the following licenses
            Genus_Synthesis
            Virtuoso_Digital_Implem
            Virtuoso_Digital_Implem_XL
    [-lic_startup_options <string>]+:
        checkout an option license at startup
            Genus_Low_Power_Opt
            Genus_Physical_Opt
            Vdixl_Capacity_Opt
    [-log <string>]:
        prefix for the .log and .cmd files. If two args are given like
        -log "a b" then the two names are used without any extenstion
        added. If the .log file already exists, an integer is appended
        to all the names to make the files unique.
    [-no_gui]:
        start with GUI disabled
    [-overwrite]:
        overwrite default logfiles
    [-version]:
        return program version information
    [-wait <integer>]:
        queue wait timeout in minutes


Lic Summary:
[14:51:15.218307] Cdslmd servers: pgmicro01
[14:51:15.218320] Feature usage summary:
[14:51:15.218320] Genus_Synthesis

Abnormal exit.Abnormal exit.
