============================================================
  Generated by:           Genus(TM) Synthesis Solution 23.12-s086_1
  Generated on:           Oct 09 2025  12:35:50 am
  Module:                 neuron_intra_Nbits
  Operating conditions:   PVT_0P9V_125C 
  Interconnect mode:      global
  Area mode:              physical library
============================================================

                                   Leakage  
   Gate     Instances    Area    Power (nW)     Library    
-----------------------------------------------------------
ACHCONX2           70    221.445     23.505    slow_vdd1v0 
ADDFHX1             1      1.881      0.136    slow_vdd1v0 
ADDFHX2             1      2.052      0.177    slow_vdd1v0 
ADDFX1          15507  19887.728   1582.749    slow_vdd1v0 
ADDHX1             65     61.133      6.209    slow_vdd1v0 
AND2X1            179     61.218      6.252    slow_vdd1v0 
AND2X2              6      2.565      0.332    slow_vdd1v0 
AND2X4             14      9.576      1.658    slow_vdd1v0 
AND2X6             43     40.441      8.519    slow_vdd1v0 
AND2X8             24     26.676      5.954    slow_vdd1v0 
AND3XL             33     16.929      0.886    slow_vdd1v0 
AND4X1              1      0.599      0.035    slow_vdd1v0 
AO21X1            258    154.413     10.056    slow_vdd1v0 
AO22X1           4886   3342.024    209.212    slow_vdd1v0 
AO22X2              9      6.925      0.585    slow_vdd1v0 
AO22X4              1      0.941      0.138    slow_vdd1v0 
AOI21X1            19      8.123      0.591    slow_vdd1v0 
AOI21X2             1      0.684      0.077    slow_vdd1v0 
AOI221X1           90     53.865      3.854    slow_vdd1v0 
AOI22X1           940    482.220     41.632    slow_vdd1v0 
AOI22X2            71     66.775      6.412    slow_vdd1v0 
AOI2BB1X1          19      9.747      0.776    slow_vdd1v0 
AOI2BB1X2           1      0.769      0.071    slow_vdd1v0 
AOI2BB1XL           2      1.026      0.054    slow_vdd1v0 
AOI2BB2X2           2      2.565      0.228    slow_vdd1v0 
CLKAND2X12          1      1.881      0.390    slow_vdd1v0 
CLKAND2X3           2      1.539      0.206    slow_vdd1v0 
CLKAND2X4           1      0.855      0.129    slow_vdd1v0 
CLKAND2X8           1      1.454      0.271    slow_vdd1v0 
CLKINVX12          87     89.262     25.742    slow_vdd1v0 
CLKINVX16           3      4.104      1.189    slow_vdd1v0 
CLKINVX4          110     47.025     10.285    slow_vdd1v0 
CLKINVX6          119     71.222     17.216    slow_vdd1v0 
CLKINVX8          218    167.751     42.219    slow_vdd1v0 
CLKMX2X12           1      1.625      0.349    slow_vdd1v0 
CLKMX2X4            2      2.052      0.273    slow_vdd1v0 
CLKMX2X6           33     36.679      6.172    slow_vdd1v0 
CLKMX2X8            1      1.454      0.236    slow_vdd1v0 
CLKXOR2X1        4485   3067.740    282.237    slow_vdd1v0 
CLKXOR2X2           9      7.695      0.770    slow_vdd1v0 
CLKXOR2X4           3      3.334      0.442    slow_vdd1v0 
CLKXOR2X8          40     58.140      9.889    slow_vdd1v0 
DFFRHQX1           63     96.957      8.479    slow_vdd1v0 
INVX1            2292    391.932     47.586    slow_vdd1v0 
INVX2             189     48.479      8.125    slow_vdd1v0 
INVX3              97     33.174      6.575    slow_vdd1v0 
INVX4               9      3.848      0.839    slow_vdd1v0 
INVX6              33     19.751      4.774    slow_vdd1v0 
INVX8               9      6.925      1.744    slow_vdd1v0 
INVXL            1859    317.889     19.728    slow_vdd1v0 
MXI2X6              6      7.695      1.316    slow_vdd1v0 
MXI2X8              7     10.773      1.880    slow_vdd1v0 
NAND2BX1          233     79.686      8.208    slow_vdd1v0 
NAND2BX2            1      0.599      0.069    slow_vdd1v0 
NAND2BXL            1      0.342      0.023    slow_vdd1v0 
NAND2X1           368     94.392     10.053    slow_vdd1v0 
NAND2X2            76     32.490      4.136    slow_vdd1v0 
NAND2X4             4      3.420      0.463    slow_vdd1v0 
NAND2XL             5      1.282      0.072    slow_vdd1v0 
NAND3BX1            2      1.026      0.078    slow_vdd1v0 
NAND3BX2            2      1.539      0.148    slow_vdd1v0 
NAND3X1             2      0.855      0.063    slow_vdd1v0 
NAND3X2             4      2.736      0.257    slow_vdd1v0 
NOR2BX1            68     23.256      2.755    slow_vdd1v0 
NOR2BX2             1      0.684      0.064    slow_vdd1v0 
NOR2BX4            59     55.489      7.403    slow_vdd1v0 
NOR2X1            147     37.706      3.659    slow_vdd1v0 
NOR2X2             10      4.275      0.537    slow_vdd1v0 
NOR2X4              6      4.617      0.689    slow_vdd1v0 
NOR2X6             11     11.286      1.937    slow_vdd1v0 
NOR2X8              3      4.104      0.710    slow_vdd1v0 
NOR2XL              1      0.257      0.011    slow_vdd1v0 
NOR3BX1             2      1.026      0.055    slow_vdd1v0 
NOR3BX2             2      1.710      0.160    slow_vdd1v0 
NOR3X1              1      0.427      0.026    slow_vdd1v0 
NOR4BX2             1      1.197      0.047    slow_vdd1v0 
NOR4BX4             1      1.881      0.220    slow_vdd1v0 
NOR4X2              6      5.130      0.326    slow_vdd1v0 
OA21X1             15      7.695      0.608    slow_vdd1v0 
OA22X1             42     25.137      1.811    slow_vdd1v0 
OAI211X2            4      4.104      0.359    slow_vdd1v0 
OAI21X1          1053    450.157     36.314    slow_vdd1v0 
OAI21X2             8      6.156      0.602    slow_vdd1v0 
OAI21XL             3      1.282      0.054    slow_vdd1v0 
OAI22X1          9920   5088.960    426.586    slow_vdd1v0 
OAI22X2           215    183.825     19.080    slow_vdd1v0 
OAI22X4            13     21.119      2.490    slow_vdd1v0 
OAI2BB1X1        1218    520.695     54.943    slow_vdd1v0 
OAI2BB1X2           9      6.925      0.696    slow_vdd1v0 
OAI2BB2X1          57     58.482      3.620    slow_vdd1v0 
OAI2BB2X2          13     17.784      1.418    slow_vdd1v0 
OR2X1             452    154.584     16.001    slow_vdd1v0 
OR2X2              10      4.275      0.576    slow_vdd1v0 
OR2X4              33     22.572      3.997    slow_vdd1v0 
OR2X6              11     10.345      2.168    slow_vdd1v0 
OR2X8              31     34.456      7.743    slow_vdd1v0 
OR4X1              10      5.130      0.352    slow_vdd1v0 
SDFFRHQX1         128    262.656     22.455    slow_vdd1v0 
XNOR2X1         17601  10534.199   1112.370    slow_vdd1v0 
XNOR2X2            14     10.773      1.198    slow_vdd1v0 
XNOR2X4             6      5.643      0.938    slow_vdd1v0 
XOR2X1              2      1.368      0.124    slow_vdd1v0 
XOR2X4            120    123.120     18.764    slow_vdd1v0 
XOR3X1              7     13.167      1.210    slow_vdd1v0 
-----------------------------------------------------------
total           63935  46909.575   4187.804                


                                            Leakage  Leakage 
     Type      Instances    Area   Area % Power (nW) Power % 
-------------------------------------------------------------
sequential           191   359.613    0.8     30.934     0.7 
inverter            5025  1201.361    2.6    186.022     4.4 
logic              58719 45348.602   96.7   3970.848    94.8 
physical_cells         0     0.000    0.0      0.000     0.0 
-------------------------------------------------------------
total              63935 46909.575  100.0   4187.804   100.0 

