============================================================
  Generated by:           Genus(TM) Synthesis Solution 23.12-s086_1
  Generated on:           Oct 09 2025  12:35:49 am
  Module:                 neuron_intra_Nbits
  Operating conditions:   PVT_0P9V_125C 
  Interconnect mode:      global
  Area mode:              physical library
============================================================

Timing
--------

Clock  Period 
--------------
clock 10000.0 


  Cost    Critical         Violating 
 Group   Path Slack  TNS     Paths   
-------------------------------------
clock        6669.7   0.0          0 
default    No paths   0.0            
-------------------------------------
Total                 0.0          0 

Instance Count
--------------
Leaf Instance Count             63935 
Physical Instance count             0 
Sequential Instance Count         191 
Combinational Instance Count    63744 
Hierarchical Instance Count         0 

Area
----
Cell Area                          46909.575
Physical Cell Area                 0.000
Total Cell Area (Cell+Physical)    46909.575
Net Area                           51277.352
Total Area (Cell+Physical+Net)     98186.927

Runtime                            635.0040339999999 seconds
Elapsed Runtime                    2516 seconds
Genus peak memory usage            3117.95 
Innovus peak memory usage          no_value 
Hostname                           cadmicro-el8-02.inf.ufrgs.br
