

Working Directory = /home/inf01185/juliana.vargas/Documents/Topicos-Especiais-XII/exemplo_rca/scripts
QoS Summary for neuron_intra_Nbits
================================================================================
Metric                          final          
================================================================================
Slack (ps):                     6,670
  R2R (ps):                     6,670
  I2R (ps):                  no_value
  R2O (ps):                  no_value
  I2O (ps):                  no_value
  CG  (ps):                  no_value
TNS (ps):                           0
  R2R (ps):                         0
  I2R (ps):                  no_value
  R2O (ps):                  no_value
  I2O (ps):                  no_value
  CG  (ps):                  no_value
Failing Paths:                      0
Cell Area:                     46,910
Total Cell Area:               46,910
Leaf Instances:                63,935
Total Instances:               63,935
Utilization (%):                 0.00
Tot. Net Length (um):        no_value
Avg. Net Length (um):        no_value
Route Overflow H (%):        no_value
Route Overflow V (%):        no_value
MBCI(%) (bits/gate) :            0.00
Norm Cong Hotspot Area:
  Max Cong:                  no_value
  Tot Cong:                  no_value
================================================================================
CPU  Runtime (h:m:s):        00:51:59
Real Runtime (h:m:s):        00:41:50
CPU  Elapsed (h:m:s):        00:52:03
Real Elapsed (h:m:s):        00:41:52
Memory (MB):                  3117.95
================================================================================
================================================================================
Flow Settings:
================================================================================
Total Runtime (h:m:s): 00:41:56
Total Memory (MB):     3117.95
Executable Version:    23.12-s086_1
================================================================================
Total Cell Area =  Cell Area + Physical Cell Area
Total Instances =  Leaf Instances + Physical Instances


